<?xml version="1.0" encoding="UTF-8"?>
<testng-results skipped="0" failed="0" ignored="0" total="1" passed="1">
  <reporter-output>
  </reporter-output>
  <suite name="Default suite" duration-ms="6717" started-at="2020-04-18T18:26:57Z" finished-at="2020-04-18T18:27:04Z">
    <groups>
    </groups>
    <test name="Default test" duration-ms="6717" started-at="2020-04-18T18:26:57Z" finished-at="2020-04-18T18:27:04Z">
      <class name="com.googleAPI.testOne.put_googleAPI_testDemo">
        <test-method status="PASS" signature="validatePlaceID()[pri:0, instance:com.googleAPI.testOne.put_googleAPI_testDemo@c038203]" name="validatePlaceID" duration-ms="6659" started-at="2020-04-18T18:26:57Z" finished-at="2020-04-18T18:27:04Z">
          <reporter-output>
          </reporter-output>
        </test-method> <!-- validatePlaceID -->
      </class> <!-- com.googleAPI.testOne.put_googleAPI_testDemo -->
    </test> <!-- Default test -->
  </suite> <!-- Default suite -->
</testng-results>
