<?xml version="1.0" encoding="UTF-8"?>
<testng-results skipped="0" failed="0" ignored="0" total="1" passed="1">
  <reporter-output>
  </reporter-output>
  <suite name="Default suite" duration-ms="1872" started-at="2020-04-19T16:33:01Z" finished-at="2020-04-19T16:33:03Z">
    <groups>
    </groups>
    <test name="Default test" duration-ms="1872" started-at="2020-04-19T16:33:01Z" finished-at="2020-04-19T16:33:03Z">
      <class name="com.googleAPI.handlingDynamicAPI.handlingStaticJson">
        <test-method status="PASS" signature="staticJsonPayload()[pri:0, instance:com.googleAPI.handlingDynamicAPI.handlingStaticJson@c038203]" name="staticJsonPayload" duration-ms="1853" started-at="2020-04-19T16:33:01Z" finished-at="2020-04-19T16:33:03Z">
          <reporter-output>
          </reporter-output>
        </test-method> <!-- staticJsonPayload -->
      </class> <!-- com.googleAPI.handlingDynamicAPI.handlingStaticJson -->
    </test> <!-- Default test -->
  </suite> <!-- Default suite -->
</testng-results>
